[0.015s] Invoking command in '/home/ntu-user/ros2_ws/src/ntu_robotsim_nav2/ntu_robotsim/build/ntu_robotsim': CMAKE_PREFIX_PATH=${CMAKE_PREFIX_PATH}:/opt/ros/humble /usr/bin/cmake /home/ntu-user/ros2_ws/src/ntu_robotsim_nav2/ntu_robotsim -DCMAKE_INSTALL_PREFIX=/home/ntu-user/ros2_ws/src/ntu_robotsim_nav2/ntu_robotsim/install/ntu_robotsim
[0.133s] -- The C compiler identification is GNU 11.4.0
[0.237s] -- The CXX compiler identification is GNU 11.4.0
[0.247s] -- Detecting C compiler ABI info
[0.302s] -- Detecting C compiler ABI info - done
[0.307s] -- Check for working C compiler: /usr/bin/cc - skipped
[0.308s] -- Detecting C compile features
[0.308s] -- Detecting C compile features - done
[0.312s] -- Detecting CXX compiler ABI info
[0.370s] -- Detecting CXX compiler ABI info - done
[0.376s] -- Check for working CXX compiler: /usr/bin/c++ - skipped
[0.376s] -- Detecting CXX compile features
[0.376s] -- Detecting CXX compile features - done
[0.407s] -- Found ament_cmake: 1.3.11 (/opt/ros/humble/share/ament_cmake/cmake)
[0.539s] -- Found Python3: /usr/bin/python3 (found version "3.10.12") found components: Interpreter 
[0.751s] -- Configuring done
[0.756s] -- Generating done
[0.758s] -- Build files have been written to: /home/ntu-user/ros2_ws/src/ntu_robotsim_nav2/ntu_robotsim/build/ntu_robotsim
[0.761s] Invoked command in '/home/ntu-user/ros2_ws/src/ntu_robotsim_nav2/ntu_robotsim/build/ntu_robotsim' returned '0': CMAKE_PREFIX_PATH=${CMAKE_PREFIX_PATH}:/opt/ros/humble /usr/bin/cmake /home/ntu-user/ros2_ws/src/ntu_robotsim_nav2/ntu_robotsim -DCMAKE_INSTALL_PREFIX=/home/ntu-user/ros2_ws/src/ntu_robotsim_nav2/ntu_robotsim/install/ntu_robotsim
[0.763s] Invoking command in '/home/ntu-user/ros2_ws/src/ntu_robotsim_nav2/ntu_robotsim/build/ntu_robotsim': CMAKE_PREFIX_PATH=${CMAKE_PREFIX_PATH}:/opt/ros/humble /usr/bin/cmake --build /home/ntu-user/ros2_ws/src/ntu_robotsim_nav2/ntu_robotsim/build/ntu_robotsim -- -j16 -l16
[0.787s] Invoked command in '/home/ntu-user/ros2_ws/src/ntu_robotsim_nav2/ntu_robotsim/build/ntu_robotsim' returned '0': CMAKE_PREFIX_PATH=${CMAKE_PREFIX_PATH}:/opt/ros/humble /usr/bin/cmake --build /home/ntu-user/ros2_ws/src/ntu_robotsim_nav2/ntu_robotsim/build/ntu_robotsim -- -j16 -l16
[0.794s] Invoking command in '/home/ntu-user/ros2_ws/src/ntu_robotsim_nav2/ntu_robotsim/build/ntu_robotsim': CMAKE_PREFIX_PATH=${CMAKE_PREFIX_PATH}:/opt/ros/humble /usr/bin/cmake --install /home/ntu-user/ros2_ws/src/ntu_robotsim_nav2/ntu_robotsim/build/ntu_robotsim
[0.798s] -- Install configuration: ""
[0.798s] -- Installing: /home/ntu-user/ros2_ws/src/ntu_robotsim_nav2/ntu_robotsim/install/ntu_robotsim/share/ntu_robotsim/config
[0.800s] -- Installing: /home/ntu-user/ros2_ws/src/ntu_robotsim_nav2/ntu_robotsim/install/ntu_robotsim/share/ntu_robotsim/config/spawn_robot.yaml
[0.800s] -- Installing: /home/ntu-user/ros2_ws/src/ntu_robotsim_nav2/ntu_robotsim/install/ntu_robotsim/share/ntu_robotsim/config/single_robot_ros_gz_bridge.yaml
[0.801s] -- Installing: /home/ntu-user/ros2_ws/src/ntu_robotsim_nav2/ntu_robotsim/install/ntu_robotsim/share/ntu_robotsim/config/nav2
[0.801s] -- Installing: /home/ntu-user/ros2_ws/src/ntu_robotsim_nav2/ntu_robotsim/install/ntu_robotsim/share/ntu_robotsim/config/nav2/amcl.yaml
[0.802s] -- Installing: /home/ntu-user/ros2_ws/src/ntu_robotsim_nav2/ntu_robotsim/install/ntu_robotsim/share/ntu_robotsim/config/nav2/nav2_view.rviz
[0.802s] -- Installing: /home/ntu-user/ros2_ws/src/ntu_robotsim_nav2/ntu_robotsim/install/ntu_robotsim/share/ntu_robotsim/config/nav2/nav2_params.yaml
[0.802s] -- Installing: /home/ntu-user/ros2_ws/src/ntu_robotsim_nav2/ntu_robotsim/install/ntu_robotsim/share/ntu_robotsim/config/single_robot_maze_sim.yaml
[0.802s] -- Installing: /home/ntu-user/ros2_ws/src/ntu_robotsim_nav2/ntu_robotsim/install/ntu_robotsim/share/ntu_robotsim/models
[0.803s] -- Installing: /home/ntu-user/ros2_ws/src/ntu_robotsim_nav2/ntu_robotsim/install/ntu_robotsim/share/ntu_robotsim/models/jetbot
[0.803s] -- Installing: /home/ntu-user/ros2_ws/src/ntu_robotsim_nav2/ntu_robotsim/install/ntu_robotsim/share/ntu_robotsim/models/jetbot/model.sdf
[0.804s] -- Installing: /home/ntu-user/ros2_ws/src/ntu_robotsim_nav2/ntu_robotsim/install/ntu_robotsim/share/ntu_robotsim/models/jetbot/meshes
[0.805s] -- Installing: /home/ntu-user/ros2_ws/src/ntu_robotsim_nav2/ntu_robotsim/install/ntu_robotsim/share/ntu_robotsim/models/jetbot/meshes/sensors
[0.805s] -- Installing: /home/ntu-user/ros2_ws/src/ntu_robotsim_nav2/ntu_robotsim/install/ntu_robotsim/share/ntu_robotsim/models/jetbot/meshes/sensors/sonar_hc-sr04.dae
[0.807s] -- Installing: /home/ntu-user/ros2_ws/src/ntu_robotsim_nav2/ntu_robotsim/install/ntu_robotsim/share/ntu_robotsim/models/jetbot/meshes/sensors/raspi_camera.dae
[0.808s] -- Installing: /home/ntu-user/ros2_ws/src/ntu_robotsim_nav2/ntu_robotsim/install/ntu_robotsim/share/ntu_robotsim/models/jetbot/meshes/caster_wheel.dae
[0.809s] -- Installing: /home/ntu-user/ros2_ws/src/ntu_robotsim_nav2/ntu_robotsim/install/ntu_robotsim/share/ntu_robotsim/models/jetbot/meshes/jetbot_body.dae
[0.810s] -- Installing: /home/ntu-user/ros2_ws/src/ntu_robotsim_nav2/ntu_robotsim/install/ntu_robotsim/share/ntu_robotsim/models/jetbot/meshes/front_wheel.dae
[0.811s] -- Installing: /home/ntu-user/ros2_ws/src/ntu_robotsim_nav2/ntu_robotsim/install/ntu_robotsim/share/ntu_robotsim/models/jetbot/model.config
[0.811s] -- Installing: /home/ntu-user/ros2_ws/src/ntu_robotsim_nav2/ntu_robotsim/install/ntu_robotsim/share/ntu_robotsim/models/maze
[0.811s] -- Installing: /home/ntu-user/ros2_ws/src/ntu_robotsim_nav2/ntu_robotsim/install/ntu_robotsim/share/ntu_robotsim/models/maze/model.sdf
[0.812s] -- Installing: /home/ntu-user/ros2_ws/src/ntu_robotsim_nav2/ntu_robotsim/install/ntu_robotsim/share/ntu_robotsim/models/maze/meshes
[0.812s] -- Installing: /home/ntu-user/ros2_ws/src/ntu_robotsim_nav2/ntu_robotsim/install/ntu_robotsim/share/ntu_robotsim/models/maze/meshes/wall.dae
[0.812s] -- Installing: /home/ntu-user/ros2_ws/src/ntu_robotsim_nav2/ntu_robotsim/install/ntu_robotsim/share/ntu_robotsim/models/maze/meshes/hexagon.dae
[0.813s] -- Installing: /home/ntu-user/ros2_ws/src/ntu_robotsim_nav2/ntu_robotsim/install/ntu_robotsim/share/ntu_robotsim/models/maze/model.config
[0.813s] -- Installing: /home/ntu-user/ros2_ws/src/ntu_robotsim_nav2/ntu_robotsim/install/ntu_robotsim/share/ntu_robotsim/worlds
[0.813s] -- Installing: /home/ntu-user/ros2_ws/src/ntu_robotsim_nav2/ntu_robotsim/install/ntu_robotsim/share/ntu_robotsim/worlds/maze
[0.814s] -- Installing: /home/ntu-user/ros2_ws/src/ntu_robotsim_nav2/ntu_robotsim/install/ntu_robotsim/share/ntu_robotsim/worlds/maze/maze.sdf
[0.814s] -- Installing: /home/ntu-user/ros2_ws/src/ntu_robotsim_nav2/ntu_robotsim/install/ntu_robotsim/share/ntu_robotsim/launch
[0.814s] -- Installing: /home/ntu-user/ros2_ws/src/ntu_robotsim_nav2/ntu_robotsim/install/ntu_robotsim/share/ntu_robotsim/launch/spawn_robot.launch.py
[0.815s] -- Installing: /home/ntu-user/ros2_ws/src/ntu_robotsim_nav2/ntu_robotsim/install/ntu_robotsim/share/ntu_robotsim/launch/single_robot_sim.launch.py
[0.815s] -- Installing: /home/ntu-user/ros2_ws/src/ntu_robotsim_nav2/ntu_robotsim/install/ntu_robotsim/share/ntu_robotsim/launch/navigation
[0.815s] -- Installing: /home/ntu-user/ros2_ws/src/ntu_robotsim_nav2/ntu_robotsim/install/ntu_robotsim/share/ntu_robotsim/launch/navigation/navigation.launch.py
[0.815s] -- Installing: /home/ntu-user/ros2_ws/src/ntu_robotsim_nav2/ntu_robotsim/install/ntu_robotsim/share/ntu_robotsim/launch/navigation/include
[0.816s] -- Installing: /home/ntu-user/ros2_ws/src/ntu_robotsim_nav2/ntu_robotsim/install/ntu_robotsim/share/ntu_robotsim/launch/navigation/include/amcl.launch.py
[0.816s] -- Installing: /home/ntu-user/ros2_ws/src/ntu_robotsim_nav2/ntu_robotsim/install/ntu_robotsim/share/ntu_robotsim/launch/navigation/include/nav2_core.launch.py
[0.816s] -- Installing: /home/ntu-user/ros2_ws/src/ntu_robotsim_nav2/ntu_robotsim/install/ntu_robotsim/share/ntu_robotsim/launch/maze.launch.py
[0.816s] -- Installing: /home/ntu-user/ros2_ws/src/ntu_robotsim_nav2/ntu_robotsim/install/ntu_robotsim/share/ntu_robotsim/urdf
[0.817s] -- Installing: /home/ntu-user/ros2_ws/src/ntu_robotsim_nav2/ntu_robotsim/install/ntu_robotsim/share/ntu_robotsim/urdf/jetbot.urdf
[0.817s] -- Installing: /home/ntu-user/ros2_ws/src/ntu_robotsim_nav2/ntu_robotsim/install/ntu_robotsim/share/ntu_robotsim/map
[0.817s] -- Installing: /home/ntu-user/ros2_ws/src/ntu_robotsim_nav2/ntu_robotsim/install/ntu_robotsim/share/ntu_robotsim/map/map.png
[0.818s] -- Installing: /home/ntu-user/ros2_ws/src/ntu_robotsim_nav2/ntu_robotsim/install/ntu_robotsim/share/ntu_robotsim/map/map.pgm
[0.818s] -- Installing: /home/ntu-user/ros2_ws/src/ntu_robotsim_nav2/ntu_robotsim/install/ntu_robotsim/share/ntu_robotsim/map/map.yaml
[0.819s] -- Installing: /home/ntu-user/ros2_ws/src/ntu_robotsim_nav2/ntu_robotsim/install/ntu_robotsim/share/ntu_robotsim/environment/gz_sim_resource_path.dsv
[0.820s] -- Installing: /home/ntu-user/ros2_ws/src/ntu_robotsim_nav2/ntu_robotsim/install/ntu_robotsim/share/ament_index/resource_index/package_run_dependencies/ntu_robotsim
[0.820s] -- Installing: /home/ntu-user/ros2_ws/src/ntu_robotsim_nav2/ntu_robotsim/install/ntu_robotsim/share/ament_index/resource_index/parent_prefix_path/ntu_robotsim
[0.820s] -- Installing: /home/ntu-user/ros2_ws/src/ntu_robotsim_nav2/ntu_robotsim/install/ntu_robotsim/share/ntu_robotsim/environment/ament_prefix_path.sh
[0.820s] -- Installing: /home/ntu-user/ros2_ws/src/ntu_robotsim_nav2/ntu_robotsim/install/ntu_robotsim/share/ntu_robotsim/environment/ament_prefix_path.dsv
[0.820s] -- Installing: /home/ntu-user/ros2_ws/src/ntu_robotsim_nav2/ntu_robotsim/install/ntu_robotsim/share/ntu_robotsim/environment/path.sh
[0.820s] -- Installing: /home/ntu-user/ros2_ws/src/ntu_robotsim_nav2/ntu_robotsim/install/ntu_robotsim/share/ntu_robotsim/environment/path.dsv
[0.821s] -- Installing: /home/ntu-user/ros2_ws/src/ntu_robotsim_nav2/ntu_robotsim/install/ntu_robotsim/share/ntu_robotsim/local_setup.bash
[0.821s] -- Installing: /home/ntu-user/ros2_ws/src/ntu_robotsim_nav2/ntu_robotsim/install/ntu_robotsim/share/ntu_robotsim/local_setup.sh
[0.821s] -- Installing: /home/ntu-user/ros2_ws/src/ntu_robotsim_nav2/ntu_robotsim/install/ntu_robotsim/share/ntu_robotsim/local_setup.zsh
[0.821s] -- Installing: /home/ntu-user/ros2_ws/src/ntu_robotsim_nav2/ntu_robotsim/install/ntu_robotsim/share/ntu_robotsim/local_setup.dsv
[0.821s] -- Installing: /home/ntu-user/ros2_ws/src/ntu_robotsim_nav2/ntu_robotsim/install/ntu_robotsim/share/ntu_robotsim/package.dsv
[0.821s] -- Installing: /home/ntu-user/ros2_ws/src/ntu_robotsim_nav2/ntu_robotsim/install/ntu_robotsim/share/ament_index/resource_index/packages/ntu_robotsim
[0.822s] -- Installing: /home/ntu-user/ros2_ws/src/ntu_robotsim_nav2/ntu_robotsim/install/ntu_robotsim/share/ntu_robotsim/cmake/ntu_robotsimConfig.cmake
[0.822s] -- Installing: /home/ntu-user/ros2_ws/src/ntu_robotsim_nav2/ntu_robotsim/install/ntu_robotsim/share/ntu_robotsim/cmake/ntu_robotsimConfig-version.cmake
[0.822s] -- Installing: /home/ntu-user/ros2_ws/src/ntu_robotsim_nav2/ntu_robotsim/install/ntu_robotsim/share/ntu_robotsim/package.xml
[0.824s] Invoked command in '/home/ntu-user/ros2_ws/src/ntu_robotsim_nav2/ntu_robotsim/build/ntu_robotsim' returned '0': CMAKE_PREFIX_PATH=${CMAKE_PREFIX_PATH}:/opt/ros/humble /usr/bin/cmake --install /home/ntu-user/ros2_ws/src/ntu_robotsim_nav2/ntu_robotsim/build/ntu_robotsim
